[2024-04-26T22:13:34.526] [ERROR] database - 数据库查询出现错误：Data too long for column 'salt' at row 1
[2024-04-26T22:13:34.526] [ERROR] user - undefined
[2024-04-26T22:14:12.118] [INFO] default - 服务器运行在 http://localhost:3000
[2024-04-26T22:14:12.142] [INFO] database - 数据库 healthy_DB 连接成功
[2024-04-26T22:14:32.135] [INFO] default - 服务器运行在 http://localhost:3000
[2024-04-26T22:14:32.156] [INFO] database - 数据库 healthy_DB 连接成功
[2024-04-26T22:14:33.869] [ERROR] database - 数据库查询出现错误：Data too long for column 'salt' at row 1
[2024-04-26T22:14:33.869] [ERROR] user - undefined
[2024-04-26T22:15:26.353] [INFO] default - 服务器运行在 http://localhost:3000
[2024-04-26T22:15:26.379] [INFO] database - 数据库 healthy_DB 连接成功
[2024-04-26T22:15:28.852] [INFO] database - 用户 18583028164 注册成功
[2024-04-26T22:19:12.780] [INFO] default - 服务器运行在 http://localhost:3000
[2024-04-26T22:19:12.803] [INFO] database - 数据库 healthy_DB 连接成功
[2024-04-26T22:19:15.437] [INFO] database - 用户 18583028164 注册成功
[2024-04-26T22:19:57.884] [INFO] default - 服务器运行在 http://localhost:3000
[2024-04-26T22:19:57.907] [INFO] database - 数据库 healthy_DB 连接成功
[2024-04-26T22:20:01.155] [INFO] database - 用户 18583028164 注册成功
[2024-04-26T22:20:24.560] [INFO] default - 服务器运行在 http://localhost:3000
[2024-04-26T22:20:24.582] [INFO] database - 数据库 healthy_DB 连接成功
[2024-04-26T22:20:30.583] [INFO] database - 用户 18583028164 注册成功
[2024-04-26T22:20:30.585] [INFO] database - 用户 18583028164 登录成功，登录有效期：48h
[2024-04-26T22:28:33.728] [INFO] default - 服务器运行在 http://localhost:3000
[2024-04-26T22:28:33.755] [INFO] database - 数据库 healthy_DB 连接成功
[2024-04-26T22:28:38.336] [INFO] database - 用户 18583028164 注册成功
[2024-04-26T22:28:38.339] [INFO] database - 用户 18583028164 登录成功，登录有效期：48h
[2024-04-26T22:29:47.816] [INFO] default - 服务器运行在 http://localhost:3000
[2024-04-26T22:29:47.837] [INFO] database - 数据库 healthy_DB 连接成功
[2024-04-26T22:29:54.643] [INFO] default - 服务器运行在 http://localhost:3000
[2024-04-26T22:29:54.666] [INFO] database - 数据库 healthy_DB 连接成功
[2024-04-26T22:29:59.752] [INFO] database - 用户 18583028164 注册成功
[2024-04-26T22:29:59.754] [INFO] database - 用户 18583028164 登录成功，登录有效期：48h
[2024-04-26T22:33:27.665] [INFO] default - 服务器运行在 http://localhost:3000
[2024-04-26T22:33:27.688] [INFO] database - 数据库 healthy_DB 连接成功
[2024-04-26T22:33:30.513] [INFO] database - 用户 18583028164 注册成功
[2024-04-26T22:33:30.516] [INFO] database - 用户 18583028164 登录成功，登录有效期：48h
[2024-04-26T22:33:46.684] [INFO] default - 服务器运行在 http://localhost:3000
[2024-04-26T22:33:46.706] [INFO] database - 数据库 healthy_DB 连接成功
[2024-04-26T22:33:50.697] [INFO] database - 用户 18583028164 注册成功
[2024-04-26T22:33:50.699] [INFO] database - 用户 18583028164 登录成功，登录有效期：48h
[2024-04-26T22:34:08.004] [INFO] default - 服务器运行在 http://localhost:3000
[2024-04-26T22:34:08.026] [INFO] database - 数据库 healthy_DB 连接成功
[2024-04-26T22:34:10.768] [INFO] database - 用户 18583028164 注册成功
[2024-04-26T22:34:10.771] [INFO] database - 用户 18583028164 登录成功，登录有效期：48h
[2024-04-26T22:34:10.773] [INFO] database - 用户 18583028164 登录成功，登录有效期：48h
[2024-04-26T22:34:38.091] [INFO] default - 服务器运行在 http://localhost:3000
[2024-04-26T22:34:38.113] [INFO] database - 数据库 healthy_DB 连接成功
[2024-04-26T22:34:51.456] [INFO] default - 服务器运行在 http://localhost:3000
[2024-04-26T22:34:51.478] [INFO] database - 数据库 healthy_DB 连接成功
[2024-04-26T22:35:40.812] [INFO] database - 用户 18583028164 注册成功
[2024-04-26T22:35:40.815] [INFO] database - 用户 18583028164 登录成功，登录有效期：48h
[2024-04-26T22:36:14.467] [INFO] default - 服务器运行在 http://localhost:3000
[2024-04-26T22:36:14.488] [INFO] database - 数据库 healthy_DB 连接成功
[2024-04-26T22:36:18.757] [INFO] database - 用户 18583028164 注册成功
[2024-04-26T22:36:18.759] [INFO] database - 用户 18583028164 登录成功，登录有效期：48h
[2024-04-26T22:43:12.012] [INFO] default - 服务器运行在 http://localhost:3000
[2024-04-26T22:43:12.035] [INFO] database - 数据库 healthy_DB 连接成功
[2024-04-26T22:43:13.969] [INFO] database - 用户 18583028164 注册成功
[2024-04-26T22:43:13.972] [INFO] database - 用户 18583028164 登录成功，登录有效期：48h
[2024-04-26T22:44:07.374] [INFO] default - 服务器运行在 http://localhost:3000
[2024-04-26T22:44:07.396] [INFO] database - 数据库 healthy_DB 连接成功
[2024-04-26T22:44:18.866] [INFO] database - 用户 18583028164 注册成功
[2024-04-26T22:44:18.869] [INFO] database - 用户 18583028164 登录成功，登录有效期：48h
[2024-04-26T22:45:11.659] [INFO] default - 服务器运行在 http://localhost:3000
[2024-04-26T22:45:11.682] [INFO] database - 数据库 healthy_DB 连接成功
[2024-04-26T22:46:09.554] [INFO] default - 服务器运行在 http://localhost:3000
[2024-04-26T22:46:09.576] [INFO] database - 数据库 healthy_DB 连接成功
[2024-04-26T22:46:16.421] [INFO] default - 服务器运行在 http://localhost:3000
[2024-04-26T22:46:16.443] [INFO] database - 数据库 healthy_DB 连接成功
[2024-04-26T22:46:19.300] [INFO] default - 服务器运行在 http://localhost:3000
[2024-04-26T22:46:19.321] [INFO] database - 数据库 healthy_DB 连接成功
[2024-04-26T22:46:44.738] [INFO] default - 服务器运行在 http://localhost:3000
[2024-04-26T22:46:44.760] [INFO] database - 数据库 healthy_DB 连接成功
[2024-04-26T22:46:58.661] [INFO] default - 服务器运行在 http://localhost:3000
[2024-04-26T22:46:58.683] [INFO] database - 数据库 healthy_DB 连接成功
[2024-04-26T22:47:08.035] [INFO] default - 服务器运行在 http://localhost:3000
[2024-04-26T22:47:08.057] [INFO] database - 数据库 healthy_DB 连接成功
[2024-04-26T22:47:14.886] [INFO] default - 服务器运行在 http://localhost:3000
[2024-04-26T22:47:14.907] [INFO] database - 数据库 healthy_DB 连接成功
[2024-04-26T22:47:24.075] [INFO] default - 服务器运行在 http://localhost:3000
[2024-04-26T22:47:24.098] [INFO] database - 数据库 healthy_DB 连接成功
[2024-04-26T22:47:28.002] [INFO] database - 用户 18583028164 注册成功
[2024-04-26T22:47:28.005] [INFO] database - 用户 18583028164 登录成功，登录有效期：48h
[2024-04-26T22:47:58.782] [INFO] default - 服务器运行在 http://localhost:3000
[2024-04-26T22:47:58.806] [INFO] database - 数据库 healthy_DB 连接成功
[2024-04-26T22:48:02.436] [INFO] database - 用户 18583028164 注册成功
[2024-04-26T22:48:02.439] [INFO] database - 用户 18583028164 登录成功，登录有效期：48h
[2024-04-26T22:48:38.601] [INFO] default - 服务器运行在 http://localhost:3000
[2024-04-26T22:48:38.623] [INFO] database - 数据库 healthy_DB 连接成功
[2024-04-26T22:57:56.115] [INFO] default - 服务器运行在 http://localhost:3000
[2024-04-26T22:57:56.135] [INFO] database - 数据库 healthy_DB 连接成功
[2024-04-26T22:58:08.245] [INFO] database - 用户 18583028164 注册成功
[2024-04-26T22:58:08.248] [INFO] database - 用户 18583028164 登录成功，登录有效期：48h
[2024-04-26T23:02:03.524] [INFO] default - 服务器运行在 http://localhost:3000
[2024-04-26T23:02:03.543] [INFO] database - 数据库 healthy_DB 连接成功
[2024-04-26T23:02:32.754] [INFO] database - 用户 18583028164 注册成功
[2024-04-26T23:02:32.757] [INFO] database - 用户 18583028164 登录成功，登录有效期：48h
[2024-04-26T23:03:15.293] [INFO] default - 服务器运行在 http://localhost:3000
[2024-04-26T23:03:15.312] [INFO] database - 数据库 healthy_DB 连接成功
[2024-04-26T23:03:16.835] [INFO] database - 用户 18583028164 注册成功
[2024-04-26T23:03:16.838] [INFO] database - 用户 18583028164 登录成功，登录有效期：48h
[2024-04-26T23:03:28.752] [INFO] default - 服务器运行在 http://localhost:3000
[2024-04-26T23:03:28.774] [INFO] database - 数据库 healthy_DB 连接成功
[2024-04-26T23:04:25.026] [INFO] default - 服务器运行在 http://localhost:3000
[2024-04-26T23:04:25.045] [INFO] database - 数据库 healthy_DB 连接成功
[2024-04-26T23:04:27.376] [INFO] database - 用户 18583028164 注册成功
[2024-04-26T23:04:27.379] [INFO] database - 用户 18583028164 登录成功，登录有效期：48h
[2024-04-26T23:05:42.157] [INFO] default - 服务器运行在 http://localhost:3000
[2024-04-26T23:05:42.177] [INFO] database - 数据库 healthy_DB 连接成功
[2024-04-27T00:18:22.090] [INFO] default - 服务器运行在 http://localhost:3000
[2024-04-27T00:18:22.135] [INFO] database - 数据库 healthy_DB 连接成功
[2024-04-27T00:19:14.965] [INFO] default - 服务器运行在 http://localhost:3000
[2024-04-27T00:19:14.985] [INFO] database - 数据库 healthy_DB 连接成功
[2024-04-27T00:21:50.023] [INFO] default - 服务器运行在 http://localhost:3000
[2024-04-27T00:21:50.040] [INFO] database - 数据库 healthy_DB 连接成功
